
> vinyl-shelf@0.1.0 start
> next start

   ▲ Next.js 16.0.8
   - Local:         http://localhost:3000
   - Network:       http://192.168.0.2:3000

 ✓ Starting...
 ✓ Ready in 760ms
Error [PrismaClientKnownRequestError]: 
Invalid `prisma.user.findUnique()` invocation:


The table `main.User` does not exist in the current database.
    at async C (.next/server/chunks/[root-of-the-server]__33952589._.js:1:1721)
    at async d (.next/server/chunks/[root-of-the-server]__33952589._.js:1:5245)
    at async l (.next/server/chunks/[root-of-the-server]__33952589._.js:1:6283) {
  code: 'P2021',
  clientVersion: '5.22.0',
  meta: [Object]
}
Error [PrismaClientKnownRequestError]: 
Invalid `prisma.user.findUnique()` invocation:


The table `main.User` does not exist in the current database.
    at async C (.next/server/chunks/[root-of-the-server]__33952589._.js:1:1721)
    at async d (.next/server/chunks/[root-of-the-server]__33952589._.js:1:5245)
    at async l (.next/server/chunks/[root-of-the-server]__33952589._.js:1:6283) {
  code: 'P2021',
  clientVersion: '5.22.0',
  meta: [Object]
}
Error [PrismaClientKnownRequestError]: 
Invalid `prisma.user.findUnique()` invocation:


The table `main.User` does not exist in the current database.
    at async C (.next/server/chunks/[root-of-the-server]__33952589._.js:1:1721)
    at async d (.next/server/chunks/[root-of-the-server]__33952589._.js:1:5245)
    at async l (.next/server/chunks/[root-of-the-server]__33952589._.js:1:6283) {
  code: 'P2021',
  clientVersion: '5.22.0',
  meta: [Object]
}
Error [PrismaClientKnownRequestError]: 
Invalid `prisma.user.findUnique()` invocation:


The table `main.User` does not exist in the current database.
    at async C (.next/server/chunks/[root-of-the-server]__33952589._.js:1:1721)
    at async d (.next/server/chunks/[root-of-the-server]__33952589._.js:1:5245)
    at async l (.next/server/chunks/[root-of-the-server]__33952589._.js:1:6283) {
  code: 'P2021',
  clientVersion: '5.22.0',
  meta: [Object]
}
